Arguments: 
  C:\Program Files\nodejs\node.exe C:\Users\rest\AppData\Roaming\npm\node_modules\yarn\bin\yarn.js install

PATH: 
  C:\Users\rest\bin;C:\Program Files\Git\mingw64\bin;C:\Program Files\Git\usr\local\bin;C:\Program Files\Git\usr\bin;C:\Program Files\Git\usr\bin;C:\Program Files\Git\mingw64\bin;C:\Program Files\Git\usr\bin;C:\Users\rest\bin;C:\MarkAny\CaptureSAFER;C:\MarkAny\Document SAFER;C:\Windows\system32;C:\Windows;C:\Windows\System32\Wbem;C:\Windows\System32\WindowsPowerShell\v1.0;C:\Windows\System32\OpenSSH;C:\Users\rest\AppData\Roaming\nvm;C:\Program Files\nodejs;C:\Program Files\TortoiseGit\bin;C:\Program Files\Git\cmd;C:\Users\rest\AppData\Local\Microsoft\WindowsApps;C:\Program Files\Bandizip;C:\Users\rest\AppData\Local\Programs\Microsoft VS Code\bin;C:\Users\rest\AppData\Roaming\npm;C:\Users\rest\AppData\Roaming\nvm;C:\Program Files\nodejs;C:\Users\rest\.deno\bin;C:\Program Files\Git\usr\bin\vendor_perl;C:\Program Files\Git\usr\bin\core_perl

Yarn version: 
  1.22.10

Node version: 
  14.15.1

Platform: 
  win32 x64

Trace: 
  Error: EIO: i/o error, copyfile 'C:\Users\rest\AppData\Local\Yarn\Cache\v6\npm-neo-async-2.6.2-b4aafb93e3aeb2d8174ca53cf163ab7d7308305f-integrity\node_modules\neo-async\async.js' -> 'C:\etc\nomad_react_native\SkyWeather\node_modules\neo-async\async.js'

npm manifest: 
  {
    "name": "skyweather",
    "version": "1.0.0",
    "main": "node_modules/expo/AppEntry.js",
    "scripts": {
      "start": "expo start",
      "android": "expo start --android",
      "ios": "expo start --ios",
      "web": "expo start --web",
      "eject": "expo eject"
    },
    "dependencies": {
      "expo": "~45.0.0",
      "expo-status-bar": "~1.3.0",
      "react": "17.0.2",
      "react-dom": "17.0.2",
      "react-native": "0.68.2",
      "react-native-web": "0.17.7"
    },
    "devDependencies": {
      "@babel/core": "^7.12.9"
    },
    "private": true
  }

yarn manifest: 
  No manifest

Lockfile: 
  No lockfile
